f:\university-year3\advanced technologies\direct x repo\direct x project\direct x project\x64\debug\apptimer.obj
f:\university-year3\advanced technologies\direct x repo\direct x project\direct x project\x64\debug\renderer.obj
f:\university-year3\advanced technologies\direct x repo\direct x project\direct x project\x64\debug\winmain.obj
f:\university-year3\advanced technologies\direct x repo\direct x project\direct x project\x64\debug\app.obj
f:\university-year3\advanced technologies\direct x repo\direct x project\direct x project\x64\debug\window.obj
f:\university-year3\advanced technologies\direct x repo\direct x project\direct x project\x64\debug\exceptionhandler.obj
f:\university-year3\advanced technologies\direct x repo\direct x project\direct x project\x64\debug\vc142.pdb
f:\university-year3\advanced technologies\direct x repo\direct x project\direct x project\x64\debug\vc142.idb
f:\university-year3\advanced technologies\direct x repo\direct x project\direct x project\pixelshader.cso
f:\university-year3\advanced technologies\direct x repo\direct x project\direct x project\vertexshader.cso
f:\university-year3\advanced technologies\direct x repo\direct x project\x64\debug\direct x project.exe
f:\university-year3\advanced technologies\direct x repo\direct x project\direct x project\x64\debug\direct x project.ilk
f:\university-year3\advanced technologies\direct x repo\direct x project\x64\debug\direct x project.pdb
f:\university-year3\advanced technologies\direct x repo\direct x project\direct x project\x64\debug\direct x project.tlog\cl.command.1.tlog
f:\university-year3\advanced technologies\direct x repo\direct x project\direct x project\x64\debug\direct x project.tlog\cl.read.1.tlog
f:\university-year3\advanced technologies\direct x repo\direct x project\direct x project\x64\debug\direct x project.tlog\cl.write.1.tlog
f:\university-year3\advanced technologies\direct x repo\direct x project\direct x project\x64\debug\direct x project.tlog\fxc.command.1.tlog
f:\university-year3\advanced technologies\direct x repo\direct x project\direct x project\x64\debug\direct x project.tlog\fxc.read.1.tlog
f:\university-year3\advanced technologies\direct x repo\direct x project\direct x project\x64\debug\direct x project.tlog\fxc.write.1.tlog
f:\university-year3\advanced technologies\direct x repo\direct x project\direct x project\x64\debug\direct x project.tlog\link.command.1.tlog
f:\university-year3\advanced technologies\direct x repo\direct x project\direct x project\x64\debug\direct x project.tlog\link.read.1.tlog
f:\university-year3\advanced technologies\direct x repo\direct x project\direct x project\x64\debug\direct x project.tlog\link.write.1.tlog
