  Game.cpp
  WinMain.cpp
  keyboard.cpp
F:\University-year3\Advanced Technologies\DirectX\Direct X Repo\Direct X project\Direct X project\Game.cpp(63,15): warning C4834: discarding return value of function with 'nodiscard' attribute
C:\Program Files (x86)\Microsoft Visual Studio\2019\Community\VC\Tools\MSVC\14.29.30133\include\memory(3416,56): warning C4244: 'argument': conversion from '_Ty' to 'float', possible loss of data
          with
          [
              _Ty=int
          ] (compiling source file Game.cpp)
F:\University-year3\Advanced Technologies\DirectX\Direct X Repo\Direct X project\Direct X project\Game.cpp(18): message : see reference to function template instantiation 'std::unique_ptr<Cube,std::default_delete<Cube>> std::make_unique<Cube,Renderer&,int,float,float,0>(Renderer &,int &&,float &&,float &&)' being compiled
C:\Program Files (x86)\Microsoft Visual Studio\2019\Community\VC\Tools\MSVC\14.29.30133\include\memory(3416,56): warning C4244: 'argument': conversion from '_Ty' to 'int', possible loss of data
          with
          [
              _Ty=float
          ] (compiling source file Game.cpp)
F:\University-year3\Advanced Technologies\DirectX\Direct X Repo\Direct X project\Direct X project\Game.cpp(24): message : see reference to function template instantiation 'std::unique_ptr<Sphere,std::default_delete<Sphere>> std::make_unique<Sphere,Renderer&,float,float,float,float,float,float,0>(Renderer &,float &&,float &&,float &&,float &&,float &&,float &&)' being compiled
  Generating code
  271 of 1556 functions (17.4%) were compiled, the rest were copied from previous compilation.
    64 functions were new in current compilation
    145 functions had inline decision re-evaluated but remain unchanged
  Finished generating code
  Direct X project.vcxproj -> F:\University-year3\Advanced Technologies\DirectX\Direct X Repo\Direct X project\x64\Release\Direct X project.exe
