f:\university-year3\advanced technologies\directx\direct x repo\direct x project\direct x project\x64\release\keyboard.obj
f:\university-year3\advanced technologies\directx\direct x repo\direct x project\direct x project\x64\release\gametimer.obj
f:\university-year3\advanced technologies\directx\direct x repo\direct x project\direct x project\x64\release\transformbuffer.obj
f:\university-year3\advanced technologies\directx\direct x repo\direct x project\direct x project\x64\release\game.obj
f:\university-year3\advanced technologies\directx\direct x repo\direct x project\direct x project\x64\release\vec2.obj
f:\university-year3\advanced technologies\directx\direct x repo\direct x project\direct x project\x64\release\vertexshader.obj
f:\university-year3\advanced technologies\directx\direct x repo\direct x project\direct x project\x64\release\drawable.obj
f:\university-year3\advanced technologies\directx\direct x repo\direct x project\direct x project\x64\release\mouse.obj
f:\university-year3\advanced technologies\directx\direct x repo\direct x project\direct x project\x64\release\renderer.obj
f:\university-year3\advanced technologies\directx\direct x repo\direct x project\direct x project\x64\release\cube.obj
f:\university-year3\advanced technologies\directx\direct x repo\direct x project\direct x project\x64\release\sphere.obj
f:\university-year3\advanced technologies\directx\direct x repo\direct x project\direct x project\x64\release\controls.obj
f:\university-year3\advanced technologies\directx\direct x repo\direct x project\direct x project\x64\release\exceptionhandler.obj
f:\university-year3\advanced technologies\directx\direct x repo\direct x project\direct x project\x64\release\topology.obj
f:\university-year3\advanced technologies\directx\direct x repo\direct x project\direct x project\x64\release\drawablebase.obj
f:\university-year3\advanced technologies\directx\direct x repo\direct x project\direct x project\x64\release\inputlayout.obj
f:\university-year3\advanced technologies\directx\direct x repo\direct x project\direct x project\x64\release\window.obj
f:\university-year3\advanced technologies\directx\direct x repo\direct x project\direct x project\x64\release\loadable.obj
f:\university-year3\advanced technologies\directx\direct x repo\direct x project\direct x project\x64\release\pixelshader.obj
f:\university-year3\advanced technologies\directx\direct x repo\direct x project\direct x project\x64\release\vertexbuffer.obj
f:\university-year3\advanced technologies\directx\direct x repo\direct x project\direct x project\x64\release\camera.obj
f:\university-year3\advanced technologies\directx\direct x repo\direct x project\direct x project\x64\release\indexbuffer.obj
f:\university-year3\advanced technologies\directx\direct x repo\direct x project\direct x project\x64\release\vec3.obj
f:\university-year3\advanced technologies\directx\direct x repo\direct x project\direct x project\x64\release\winmain.obj
f:\university-year3\advanced technologies\directx\direct x repo\direct x project\direct x project\x64\release\vc142.pdb
f:\university-year3\advanced technologies\directx\direct x repo\direct x project\direct x project\pixelshader.cso
f:\university-year3\advanced technologies\directx\direct x repo\direct x project\direct x project\vertexshader.cso
f:\university-year3\advanced technologies\directx\direct x repo\direct x project\x64\release\direct x project.exe
f:\university-year3\advanced technologies\directx\direct x repo\direct x project\direct x project\x64\release\direct x project.ipdb
f:\university-year3\advanced technologies\directx\direct x repo\direct x project\direct x project\x64\release\direct x project.iobj
f:\university-year3\advanced technologies\directx\direct x repo\direct x project\x64\release\direct x project.pdb
f:\university-year3\advanced technologies\directx\direct x repo\direct x project\direct x project\x64\release\direct x project.tlog\cl.10992.write.1.tlog
f:\university-year3\advanced technologies\directx\direct x repo\direct x project\direct x project\x64\release\direct x project.tlog\cl.command.1.tlog
f:\university-year3\advanced technologies\directx\direct x repo\direct x project\direct x project\x64\release\direct x project.tlog\cl.read.1.tlog
f:\university-year3\advanced technologies\directx\direct x repo\direct x project\direct x project\x64\release\direct x project.tlog\fxc.command.1.tlog
f:\university-year3\advanced technologies\directx\direct x repo\direct x project\direct x project\x64\release\direct x project.tlog\fxc.read.1.tlog
f:\university-year3\advanced technologies\directx\direct x repo\direct x project\direct x project\x64\release\direct x project.tlog\fxc.write.1.tlog
f:\university-year3\advanced technologies\directx\direct x repo\direct x project\direct x project\x64\release\direct x project.tlog\link.command.1.tlog
f:\university-year3\advanced technologies\directx\direct x repo\direct x project\direct x project\x64\release\direct x project.tlog\link.read.1.tlog
f:\university-year3\advanced technologies\directx\direct x repo\direct x project\direct x project\x64\release\direct x project.tlog\link.write.1.tlog
